<?xml version="1.0" encoding="UTF-8"?>
<!-- Generated by org.testng.reporters.JUnitXMLReporter -->
<testsuite hostname="raviappam-MBP-SLIND-2XRA" ignored="0" name="Surefire test" tests="4" failures="0" timestamp="2023-03-08T13:39:40 IST" time="4.75" errors="0">
  <testcase name="GetPlayList" time="4.376" classname="com.Spotify.oAuth2.Test.PlayListTests"/>
  <testcase name="Negetive_CreatePlayList" time="4.407" classname="com.Spotify.oAuth2.Test.PlayListTests"/>
  <testcase name="UpdatePlayList" time="4.444" classname="com.Spotify.oAuth2.Test.PlayListTests"/>
  <testcase name="CreatePlayList" time="4.56" classname="com.Spotify.oAuth2.Test.PlayListTests"/>
</testsuite> <!-- Surefire test -->
