<?xml version="1.0" encoding="UTF-8"?>
<!-- Generated by org.testng.reporters.JUnitXMLReporter -->
<testsuite hostname="raviappam-MBP-SLIND-2XRA" ignored="0" name="Surefire test" tests="4" failures="0" timestamp="2023-03-07T18:04:01 IST" time="4.916" errors="0">
  <testcase name="UpdatePlayList" time="4.57" classname="com.Spotify.oAuth2.Test.PlayListTests"/>
  <testcase name="Negetive_CreatePlayList" time="4.588" classname="com.Spotify.oAuth2.Test.PlayListTests"/>
  <testcase name="GetPlayList" time="4.594" classname="com.Spotify.oAuth2.Test.PlayListTests"/>
  <testcase name="CreatePlayList" time="4.686" classname="com.Spotify.oAuth2.Test.PlayListTests"/>
</testsuite> <!-- Surefire test -->
