<?xml version="1.0" encoding="UTF-8"?>
<testng-results skipped="0" failed="0" ignored="0" total="4" passed="4">
  <reporter-output>
  </reporter-output>
  <suite name="Surefire suite" duration-ms="4750" started-at="2023-03-08T13:39:35 IST" finished-at="2023-03-08T13:39:40 IST">
    <groups>
    </groups>
    <test name="Surefire test" duration-ms="4750" started-at="2023-03-08T13:39:35 IST" finished-at="2023-03-08T13:39:40 IST">
      <class name="com.Spotify.oAuth2.Test.PlayListTests">
        <test-method status="PASS" signature="beforeMethod(java.lang.reflect.Method)[pri:0, instance:com.Spotify.oAuth2.Test.PlayListTests@72f46e16]" name="beforeMethod" is-config="true" duration-ms="17" started-at="2023-03-08T13:39:35 IST" finished-at="2023-03-08T13:39:35 IST">
          <params>
            <param index="0">
              <value>
                <![CDATA[public void com.Spotify.oAuth2.Test.PlayListTests.GetPlayList()]]>
              </value>
            </param>
          </params>
          <reporter-output>
          </reporter-output>
        </test-method> <!-- beforeMethod -->
        <test-method status="PASS" signature="beforeMethod(java.lang.reflect.Method)[pri:0, instance:com.Spotify.oAuth2.Test.PlayListTests@72f46e16]" name="beforeMethod" is-config="true" duration-ms="17" started-at="2023-03-08T13:39:35 IST" finished-at="2023-03-08T13:39:35 IST">
          <params>
            <param index="0">
              <value>
                <![CDATA[public void com.Spotify.oAuth2.Test.PlayListTests.Negetive_CreatePlayList()]]>
              </value>
            </param>
          </params>
          <reporter-output>
          </reporter-output>
        </test-method> <!-- beforeMethod -->
        <test-method status="PASS" signature="beforeMethod(java.lang.reflect.Method)[pri:0, instance:com.Spotify.oAuth2.Test.PlayListTests@72f46e16]" name="beforeMethod" is-config="true" duration-ms="17" started-at="2023-03-08T13:39:35 IST" finished-at="2023-03-08T13:39:35 IST">
          <params>
            <param index="0">
              <value>
                <![CDATA[public void com.Spotify.oAuth2.Test.PlayListTests.UpdatePlayList()]]>
              </value>
            </param>
          </params>
          <reporter-output>
          </reporter-output>
        </test-method> <!-- beforeMethod -->
        <test-method status="PASS" signature="beforeMethod(java.lang.reflect.Method)[pri:0, instance:com.Spotify.oAuth2.Test.PlayListTests@72f46e16]" name="beforeMethod" is-config="true" duration-ms="17" started-at="2023-03-08T13:39:35 IST" finished-at="2023-03-08T13:39:35 IST">
          <params>
            <param index="0">
              <value>
                <![CDATA[public void com.Spotify.oAuth2.Test.PlayListTests.CreatePlayList()]]>
              </value>
            </param>
          </params>
          <reporter-output>
          </reporter-output>
        </test-method> <!-- beforeMethod -->
        <test-method status="PASS" signature="CreatePlayList()[pri:0, instance:com.Spotify.oAuth2.Test.PlayListTests@72f46e16]" name="CreatePlayList" duration-ms="4560" started-at="2023-03-08T13:39:35 IST" description="Create Play List APi" finished-at="2023-03-08T13:39:40 IST">
          <reporter-output>
          </reporter-output>
        </test-method> <!-- CreatePlayList -->
        <test-method status="PASS" signature="GetPlayList()[pri:0, instance:com.Spotify.oAuth2.Test.PlayListTests@72f46e16]" name="GetPlayList" duration-ms="4376" started-at="2023-03-08T13:39:35 IST" finished-at="2023-03-08T13:39:39 IST">
          <reporter-output>
          </reporter-output>
        </test-method> <!-- GetPlayList -->
        <test-method status="PASS" signature="Negetive_CreatePlayList()[pri:0, instance:com.Spotify.oAuth2.Test.PlayListTests@72f46e16]" name="Negetive_CreatePlayList" duration-ms="4407" started-at="2023-03-08T13:39:35 IST" finished-at="2023-03-08T13:39:39 IST">
          <reporter-output>
          </reporter-output>
        </test-method> <!-- Negetive_CreatePlayList -->
        <test-method status="PASS" signature="UpdatePlayList()[pri:0, instance:com.Spotify.oAuth2.Test.PlayListTests@72f46e16]" name="UpdatePlayList" duration-ms="4444" started-at="2023-03-08T13:39:35 IST" finished-at="2023-03-08T13:39:40 IST">
          <reporter-output>
          </reporter-output>
        </test-method> <!-- UpdatePlayList -->
      </class> <!-- com.Spotify.oAuth2.Test.PlayListTests -->
    </test> <!-- Surefire test -->
  </suite> <!-- Surefire suite -->
</testng-results>
