<?xml version="1.0" encoding="UTF-8"?>
<testsuite xmlns:xsi="http://www.w3.org/2001/XMLSchema-instance" xsi:noNamespaceSchemaLocation="https://maven.apache.org/surefire/maven-surefire-plugin/xsd/surefire-test-report-3.0.xsd" version="3.0" name="TestSuite" time="5.93" tests="4" errors="0" skipped="0" failures="0">
  <properties>
[...]
</properties>
  <testcase name="UpdatePlayList" classname="com.Spotify.oAuth2.Test.PlayListTests" time="4.568">
    <system-out><![CDATA[Starting Test:UpdatePlayList
Starting Test:GetPlayList
Thread ID:21
Starting Test:Negetive_CreatePlayList
Thread ID:19
Starting Test:CreatePlayList
Thread ID:20
Thread ID:18
Request method:	POST
Request URI:	https://accounts.spotify.com/api/token
Proxy:			<none>
Request params:	<none>
Query params:	<none>
Form params:	refresh_token=AQDFSHn3cXqEYrZjvRi0piCr4w-33NdQWbhjUVG3Ng5BimNP4k7VabIoC1QxbPFSfFkTsQLUcMjORB0qkDuhp5n-o3rNTAc2DjQZLFt8dnsuwLvwkrCRqgGiRLWUFWtsWyE
				grant_type=refresh_token
				client_secret=37727a37d9bf4b328a460d69b835ee74
				client_id=7200351f29f44721b8d595d75b1aceec
Path params:	<none>
Headers:		Accept=*/*
				Content-Type=application/x-www-form-urlencoded; charset=ISO-8859-1
Cookies:		<none>
Multiparts:		<none>
Body:			<none>
Request method:	POST
Request URI:	https://accounts.spotify.com/api/token
Proxy:			<none>
Request params:	<none>
Query params:	<none>
Form params:	refresh_token=AQDFSHn3cXqEYrZjvRi0piCr4w-33NdQWbhjUVG3Ng5BimNP4k7VabIoC1QxbPFSfFkTsQLUcMjORB0qkDuhp5n-o3rNTAc2DjQZLFt8dnsuwLvwkrCRqgGiRLWUFWtsWyE
				grant_type=refresh_token
				client_secret=37727a37d9bf4b328a460d69b835ee74
				client_id=7200351f29f44721b8d595d75b1aceec
Path params:	<none>
Headers:		Accept=*/*
				Content-Type=application/x-www-form-urlencoded; charset=ISO-8859-1
Cookies:		<none>
Multiparts:		<none>
Body:			<none>
Request method:	POST
Request URI:	https://accounts.spotify.com/api/token
Proxy:			<none>
Request params:	<none>
Query params:	<none>
Form params:	refresh_token=AQDFSHn3cXqEYrZjvRi0piCr4w-33NdQWbhjUVG3Ng5BimNP4k7VabIoC1QxbPFSfFkTsQLUcMjORB0qkDuhp5n-o3rNTAc2DjQZLFt8dnsuwLvwkrCRqgGiRLWUFWtsWyE
				grant_type=refresh_token
				client_secret=37727a37d9bf4b328a460d69b835ee74
				client_id=7200351f29f44721b8d595d75b1aceec
Path params:	<none>
Headers:		Accept=*/*
				Content-Type=application/x-www-form-urlencoded; charset=ISO-8859-1
Cookies:		<none>
Multiparts:		<none>
Body:			<none>
Request method:	POST
Request URI:	https://accounts.spotify.com/api/token
Proxy:			<none>
Request params:	<none>
Query params:	<none>
Form params:	refresh_token=AQDFSHn3cXqEYrZjvRi0piCr4w-33NdQWbhjUVG3Ng5BimNP4k7VabIoC1QxbPFSfFkTsQLUcMjORB0qkDuhp5n-o3rNTAc2DjQZLFt8dnsuwLvwkrCRqgGiRLWUFWtsWyE
				grant_type=refresh_token
				client_secret=37727a37d9bf4b328a460d69b835ee74
				client_id=7200351f29f44721b8d595d75b1aceec
Path params:	<none>
Headers:		Accept=*/*
				Content-Type=application/x-www-form-urlencoded; charset=ISO-8859-1
Cookies:		<none>
Multiparts:		<none>
Body:			<none>
HTTP/1.1 200 OK
date: Tue, 07 Mar 2023 12:33:59 GMT
content-type: application/json
vary: Accept-Encoding
set-cookie: __Host-device_id=AQBNKWZ3m7Oy3ZJjzljZxWqc5yN46OYIQViCM0FfhZwJtt_ck41JHqU0p1Sn0jSYdcCriY1rZBZ3FIwai1GcwKVlYArAVhAEuZY;Version=1;Path=/;Max-Age=2147483647;Secure;HttpOnly;SameSite=Lax
set-cookie: sp_tr=false;Version=1;Domain=accounts.spotify.com;Path=/;Secure;SameSite=Lax
sp-trace-id: 795ab4b835236098
content-encoding: gzip
x-envoy-upstream-service-time: 27
server: envoy
strict-transport-security: max-age=31536000
x-content-type-options: nosniff
Via: HTTP/2 edgeproxy, 1.1 google
Alt-Svc: h3=":443"; ma=2592000,h3-29=":443"; ma=2592000
Transfer-Encoding: chunked

{
    "access_token": "BQA2TmeJvgeFnBf0uVY2khPx8uMMDdZ1nVw51wM6dxb6o2N7zsjAp8P8jUdva4wuwd7KVZqLPTuEJXZ6uA-2_XDCLAaNWra2LwRXbgoRnscE9YNNWTNsduGqpm7WkfUBDL8ys6EJscWXCcZsBjQdoo4sUZfKD6s4opRh5xv_UCQXN2nEFORJ2g9pFpLjFrP4O_ralcpgmwjXRMYoKhHvbl0NCAfdRZKWhYBot_o2xnebaUm2_TlCutXcO2AXPUvusR7p17qkOsbhGLVMBw",
    "token_type": "Bearer",
    "expires_in": 3600,
    "scope": "playlist-read-private playlist-read-collaborative playlist-modify-private playlist-modify-public"
}
HTTP/1.1 200 OK
date: Tue, 07 Mar 2023 12:33:59 GMT
content-type: application/json
vary: Accept-Encoding
set-cookie: __Host-device_id=AQBoy2bqDNRCajN90DxoD8Vym-c_dp4c-I2hXmKQrFFeo4JOZh01PhmyzNOpI-MVWsS6aLCNPVXzFVVzLO4ojj-beMhNxtZVW24;Version=1;Path=/;Max-Age=2147483647;Secure;HttpOnly;SameSite=Lax
set-cookie: sp_tr=false;Version=1;Domain=accounts.spotify.com;Path=/;Secure;SameSite=Lax
sp-trace-id: cbf432e05faf2434
content-encoding: gzip
x-envoy-upstream-service-time: 31
server: envoy
strict-transport-security: max-age=31536000
x-content-type-options: nosniff
Via: HTTP/2 edgeproxy, 1.1 google
Alt-Svc: h3=":443"; ma=2592000,h3-29=":443"; ma=2592000
Transfer-Encoding: chunked

{
    "access_token": "BQBfxlZcB5obMV_w_7IMKa0FzL5x3Ae2gEy0BqQuRr8JvlBpp02wy8sYLgYk66Yduukk59o4Pd59FkZ_aPufnTH6gMytuIZvCPpgaNdHJwD7LsmdISBcISh4d4VUzjBkYnG-uW4UbpaftnYpqqYvtyMDDHLARk5WQjMjL9K6LP_ikpzCVPKM6erF6aiu6UE-k6DxacQUSvp2AW9yhj_Lh9-2ByssnRPdDgkc-X3Oj7LP8BDVD_oluOiZI7jUsx8JOQFD4sXx6if9WWDceg",
    "token_type": "Bearer",
    "expires_in": 3600,
    "scope": "playlist-read-private playlist-read-collaborative playlist-modify-private playlist-modify-public"
}
HTTP/1.1 200 OK
date: Tue, 07 Mar 2023 12:33:59 GMT
content-type: application/json
vary: Accept-Encoding
set-cookie: __Host-device_id=AQDleh4HftiYaRooJU10qRjqBgN_ofmkm0oEAXszkjbnhqA_KPNcmxlGm0ZYDTOtR4iUbSOcMSDdeeYl5UApr8pc2PR_5-n_IfA;Version=1;Path=/;Max-Age=2147483647;Secure;HttpOnly;SameSite=Lax
set-cookie: sp_tr=false;Version=1;Domain=accounts.spotify.com;Path=/;Secure;SameSite=Lax
sp-trace-id: 4f0d1307ba05bfc4
content-encoding: gzip
x-envoy-upstream-service-time: 30
server: envoy
strict-transport-security: max-age=31536000
x-content-type-options: nosniff
Via: HTTP/2 edgeproxy, 1.1 google
Alt-Svc: h3=":443"; ma=2592000,h3-29=":443"; ma=2592000
Transfer-Encoding: chunked

{
    "access_token": "BQD9gxdqLZky0-Ohl2guJVVKEMZ-odMqi7PlxQ3yprU_rsxY-S0R8GI3Vux6tSMFtH72YRQSpASJ2gsKAeDnZaCUdofzRBF2Tiy5pKqHV66EB78NZTkvt-Sy6w5NxJM755ToNDial1wII7PJ8GX8bz4wJB-URfKAJKgmrK1GvlyldRYOCVGtF_AS6a17Hmptm4NhW8SuMan37kyubkwWTKB1HWZmd9DN3jFgCp5OZikcmFVuvqSchBnid5ph3pv0C-8XiwxWCnULLQ_bIQ",
    "token_type": "Bearer",
    "expires_in": 3600,
    "scope": "playlist-read-private playlist-read-collaborative playlist-modify-private playlist-modify-public"
}
HTTP/1.1 200 OK
date: Tue, 07 Mar 2023 12:33:59 GMT
content-type: application/json
vary: Accept-Encoding
set-cookie: __Host-device_id=AQAxL9LYN-2LcppDKf9NURHot-oFeKbt-lmavQFtR4s3DU1Is_9yPa39C2tCHIHoiy_5sLlrjfyHi17jN6-3Ph7B6DyztkSfJVY;Version=1;Path=/;Max-Age=2147483647;Secure;HttpOnly;SameSite=Lax
set-cookie: sp_tr=false;Version=1;Domain=accounts.spotify.com;Path=/;Secure;SameSite=Lax
sp-trace-id: d089dcd1893678e9
content-encoding: gzip
x-envoy-upstream-service-time: 32
server: envoy
strict-transport-security: max-age=31536000
x-content-type-options: nosniff
Via: HTTP/2 edgeproxy, 1.1 google
Alt-Svc: h3=":443"; ma=2592000,h3-29=":443"; ma=2592000
Transfer-Encoding: chunked

{
    "access_token": "BQANPw9IIVX9oSH-wgRzcTvuwaune-NF9eJWuNENFb9QeGbeKee8d9T9fkRZ5QXqnkxcGLDc_TAe6Dio7eCQqrmoyuht3INlBgItyxPa-xB-D5zA2yevQ9uR9nT8sghX5Ajhxqyib4ajNTmrqawRrcMSn3KCw5OX8-cKsvChXo12-1JjfX5OVoYK6QJfb_wQORz29O89SjUASv6UuWt3ZzL3iGAslgDW_BTbsXbyaqka606uW067TCjHua_nCs0oEFOgCM-vf-oQ2b2MWw",
    "token_type": "Bearer",
    "expires_in": 3600,
    "scope": "playlist-read-private playlist-read-collaborative playlist-modify-private playlist-modify-public"
}
Request method:	GET
Request URI:	https://api.spotify.com/v1/playlists/6qwGEIp5wwKGWluBO3VHzm
Proxy:			<none>
Request params:	<none>
Query params:	<none>
Form params:	<none>
Path params:	<none>
Headers:		Authorization=Bearer BQA2TmeJvgeFnBf0uVY2khPx8uMMDdZ1nVw51wM6dxb6o2N7zsjAp8P8jUdva4wuwd7KVZqLPTuEJXZ6uA-2_XDCLAaNWra2LwRXbgoRnscE9YNNWTNsduGqpm7WkfUBDL8ys6EJscWXCcZsBjQdoo4sUZfKD6s4opRh5xv_UCQXN2nEFORJ2g9pFpLjFrP4O_ralcpgmwjXRMYoKhHvbl0NCAfdRZKWhYBot_o2xnebaUm2_TlCutXcO2AXPUvusR7p17qkOsbhGLVMBw
				Accept=*/*
				Content-Type=application/json
Cookies:		<none>
Multiparts:		<none>
Body:			<none>
Request method:	POST
Request URI:	https://api.spotify.com/v1/users/31a5hxq5yggwa3vks626yisvow6y/playlists
Proxy:			<none>
Request params:	<none>
Query params:	<none>
Form params:	<none>
Path params:	<none>
Headers:		Authorization=Bearer BQD9gxdqLZky0-Ohl2guJVVKEMZ-odMqi7PlxQ3yprU_rsxY-S0R8GI3Vux6tSMFtH72YRQSpASJ2gsKAeDnZaCUdofzRBF2Tiy5pKqHV66EB78NZTkvt-Sy6w5NxJM755ToNDial1wII7PJ8GX8bz4wJB-URfKAJKgmrK1GvlyldRYOCVGtF_AS6a17Hmptm4NhW8SuMan37kyubkwWTKB1HWZmd9DN3jFgCp5OZikcmFVuvqSchBnid5ph3pv0C-8XiwxWCnULLQ_bIQ
				Accept=*/*
				Content-Type=application/json
Cookies:		<none>
Multiparts:		<none>
Body:
{
    "description": "New playlist description",
    "name": "New Playlist",
    "public": false
}
Request method:	POST
Request URI:	https://api.spotify.com/v1/users/31a5hxq5yggwa3vks626yisvow6y/playlists
Proxy:			<none>
Request params:	<none>
Query params:	<none>
Form params:	<none>
Path params:	<none>
Headers:		Authorization=Bearer BQANPw9IIVX9oSH-wgRzcTvuwaune-NF9eJWuNENFb9QeGbeKee8d9T9fkRZ5QXqnkxcGLDc_TAe6Dio7eCQqrmoyuht3INlBgItyxPa-xB-D5zA2yevQ9uR9nT8sghX5Ajhxqyib4ajNTmrqawRrcMSn3KCw5OX8-cKsvChXo12-1JjfX5OVoYK6QJfb_wQORz29O89SjUASv6UuWt3ZzL3iGAslgDW_BTbsXbyaqka606uW067TCjHua_nCs0oEFOgCM-vf-oQ2b2MWw
				Accept=*/*
				Content-Type=application/json
Cookies:		<none>
Multiparts:		<none>
Body:
{
    "description": "Updated playlist description",
    "name": "",
    "public": false
}
Request method:	PUT
Request URI:	https://api.spotify.com/v1/playlists/6qwGEIp5wwKGWluBO3VHzm
Proxy:			<none>
Request params:	<none>
Query params:	<none>
Form params:	<none>
Path params:	<none>
Headers:		Authorization=Bearer BQBfxlZcB5obMV_w_7IMKa0FzL5x3Ae2gEy0BqQuRr8JvlBpp02wy8sYLgYk66Yduukk59o4Pd59FkZ_aPufnTH6gMytuIZvCPpgaNdHJwD7LsmdISBcISh4d4VUzjBkYnG-uW4UbpaftnYpqqYvtyMDDHLARk5WQjMjL9K6LP_ikpzCVPKM6erF6aiu6UE-k6DxacQUSvp2AW9yhj_Lh9-2ByssnRPdDgkc-X3Oj7LP8BDVD_oluOiZI7jUsx8JOQFD4sXx6if9WWDceg
				Accept=*/*
				Content-Type=application/json
Cookies:		<none>
Multiparts:		<none>
Body:
{
    "description": "Updated playlist description",
    "name": "Updated Playlist Name",
    "public": false
}
HTTP/1.1 200 OK
content-type: application/json; charset=utf-8
cache-control: public, max-age=0
etag: "MC-IjZjMDAyM2UwMzk1M2RjNWMwMWFhMWNiNzY4ZmZiZGQ4Ig=="
x-robots-tag: noindex, nofollow
access-control-allow-origin: *
access-control-allow-headers: Accept, App-Platform, Authorization, Content-Type, Origin, Retry-After, Spotify-App-Version, X-Cloud-Trace-Context, client-token, content-access-token
access-control-allow-methods: GET, POST, OPTIONS, PUT, DELETE, PATCH
access-control-allow-credentials: true
access-control-max-age: 604800
content-encoding: gzip
strict-transport-security: max-age=31536000
x-content-type-options: nosniff
date: Tue, 07 Mar 2023 12:34:01 GMT
server: envoy
Via: HTTP/2 edgeproxy, 1.1 google
Alt-Svc: h3=":443"; ma=2592000,h3-29=":443"; ma=2592000
Transfer-Encoding: chunked

{
    "collaborative": false,
    "description": "Updated playlist description",
    "external_urls": {
        "spotify": "https://open.spotify.com/playlist/6qwGEIp5wwKGWluBO3VHzm"
    },
    "followers": {
        "href": null,
        "total": 0
    },
    "href": "https://api.spotify.com/v1/playlists/6qwGEIp5wwKGWluBO3VHzm",
    "id": "6qwGEIp5wwKGWluBO3VHzm",
    "images": [
        
    ],
    "name": "Updated Playlist Name",
    "owner": {
        "display_name": "appu",
        "external_urls": {
            "spotify": "https://open.spotify.com/user/31a5hxq5yggwa3vks626yisvow6y"
        },
        "href": "https://api.spotify.com/v1/users/31a5hxq5yggwa3vks626yisvow6y",
        "id": "31a5hxq5yggwa3vks626yisvow6y",
        "type": "user",
        "uri": "spotify:user:31a5hxq5yggwa3vks626yisvow6y"
    },
    "primary_color": null,
    "public": false,
    "snapshot_id": "NCxmNTMwZGJiNmI0MjRmYzlmYjI2Y2EzNzI5ZTg0MGNmNWMwYzAyNzMw",
    "tracks": {
        "href": "https://api.spotify.com/v1/playlists/6qwGEIp5wwKGWluBO3VHzm/tracks?offset=0&limit=100",
        "items": [
            
        ],
        "limit": 100,
        "next": null,
        "offset": 0,
        "previous": null,
        "total": 0
    },
    "type": "playlist",
    "uri": "spotify:playlist:6qwGEIp5wwKGWluBO3VHzm"
}
HTTP/1.1 400 Bad Request
content-type: application/json; charset=utf-8
cache-control: private, max-age=0
x-robots-tag: noindex, nofollow
access-control-allow-origin: *
access-control-allow-headers: Accept, App-Platform, Authorization, Content-Type, Origin, Retry-After, Spotify-App-Version, X-Cloud-Trace-Context, client-token, content-access-token
access-control-allow-methods: GET, POST, OPTIONS, PUT, DELETE, PATCH
access-control-allow-credentials: true
access-control-max-age: 604800
content-encoding: gzip
strict-transport-security: max-age=31536000
x-content-type-options: nosniff
date: Tue, 07 Mar 2023 12:34:01 GMT
server: envoy
Via: HTTP/2 edgeproxy, 1.1 google
Alt-Svc: h3=":443"; ma=2592000,h3-29=":443"; ma=2592000
Transfer-Encoding: chunked

{
    "error": {
        "status": 400,
        "message": "Missing required field: name"
    }
}
HTTP/1.1 200 OK
cache-control: private, max-age=0
x-robots-tag: noindex, nofollow
access-control-allow-origin: *
access-control-allow-headers: Accept, App-Platform, Authorization, Content-Type, Origin, Retry-After, Spotify-App-Version, X-Cloud-Trace-Context, client-token, content-access-token
access-control-allow-methods: GET, POST, OPTIONS, PUT, DELETE, PATCH
access-control-allow-credentials: true
access-control-max-age: 604800
Content-Length: 0
strict-transport-security: max-age=31536000
x-content-type-options: nosniff
date: Tue, 07 Mar 2023 12:34:01 GMT
server: envoy
Via: HTTP/2 edgeproxy, 1.1 google
Alt-Svc: h3=":443"; ma=2592000,h3-29=":443"; ma=2592000
]]></system-out>
    <system-err><![CDATA[SLF4J: Failed to load class "org.slf4j.impl.StaticLoggerBinder".
SLF4J: Defaulting to no-operation (NOP) logger implementation
SLF4J: See http://www.slf4j.org/codes.html#StaticLoggerBinder for further details.
Mar 07, 2023 6:03:57 PM org.aspectj.weaver.tools.Jdk14Trace error
SEVERE: org/codehaus/groovy/runtime/callsite/AbstractCallSite
java.lang.RuntimeException: bad non-abstract method with no code: void org.codehaus.groovy.runtime.callsite.AbstractCallSite.<init>(org.codehaus.groovy.runtime.callsite.CallSiteArray, int, java.lang.String) on public class org.codehaus.groovy.runtime.callsite.AbstractCallSite
	at org.aspectj.weaver.bcel.LazyMethodGen.<init>(LazyMethodGen.java:221)
	at org.aspectj.weaver.bcel.LazyClassGen.<init>(LazyClassGen.java:360)
	at org.aspectj.weaver.bcel.BcelObjectType.getLazyClassGen(BcelObjectType.java:561)
	at org.aspectj.weaver.bcel.BcelWeaver.weave(BcelWeaver.java:1699)
	at org.aspectj.weaver.bcel.BcelWeaver.weaveWithoutDump(BcelWeaver.java:1650)
	at org.aspectj.weaver.bcel.BcelWeaver.weaveAndNotify(BcelWeaver.java:1417)
	at org.aspectj.weaver.bcel.BcelWeaver.weave(BcelWeaver.java:1192)
	at org.aspectj.weaver.tools.WeavingAdaptor.getWovenBytes(WeavingAdaptor.java:549)
	at org.aspectj.weaver.tools.WeavingAdaptor.weaveClass(WeavingAdaptor.java:385)
	at org.aspectj.weaver.loadtime.Aj.preProcess(Aj.java:115)
	at org.aspectj.weaver.loadtime.ClassPreProcessorAgentAdapter.transform(ClassPreProcessorAgentAdapter.java:51)
	at sun.instrument.TransformerManager.transform(TransformerManager.java:188)
	at sun.instrument.InstrumentationImpl.transform(InstrumentationImpl.java:428)
	at java.lang.ClassLoader.defineClass1(Native Method)
	at java.lang.ClassLoader.defineClass(ClassLoader.java:756)
	at java.lang.ClassLoader.defineClass(ClassLoader.java:635)
	at org.codehaus.groovy.reflection.SunClassLoader.define(SunClassLoader.java:105)
	at org.codehaus.groovy.runtime.callsite.GroovySunClassLoader.loadAbstract(GroovySunClassLoader.java:78)
	at org.codehaus.groovy.runtime.callsite.GroovySunClassLoader.<init>(GroovySunClassLoader.java:59)
	at org.codehaus.groovy.runtime.callsite.GroovySunClassLoader.<init>(GroovySunClassLoader.java:54)
	at org.codehaus.groovy.runtime.callsite.GroovySunClassLoader.lambda$static$0(GroovySunClassLoader.java:40)
	at java.security.AccessController.doPrivileged(Native Method)
	at org.codehaus.groovy.runtime.callsite.GroovySunClassLoader.doPrivileged(GroovySunClassLoader.java:50)
	at org.codehaus.groovy.runtime.callsite.GroovySunClassLoader.<clinit>(GroovySunClassLoader.java:37)
	at org.codehaus.groovy.runtime.callsite.CallSiteGenerator.isCompilable(CallSiteGenerator.java:252)
	at org.codehaus.groovy.reflection.CachedMethod.createStaticMetaMethodSite(CachedMethod.java:302)
	at org.codehaus.groovy.runtime.callsite.StaticMetaMethodSite.createStaticMetaMethodSite(StaticMetaMethodSite.java:114)
	at groovy.lang.MetaClassImpl.createStaticSite(MetaClassImpl.java:3593)
	at org.codehaus.groovy.runtime.callsite.CallSiteArray.createCallStaticSite(CallSiteArray.java:72)
	at org.codehaus.groovy.runtime.callsite.CallSiteArray.createCallSite(CallSiteArray.java:159)
	at org.codehaus.groovy.runtime.callsite.CallSiteArray.defaultCall(CallSiteArray.java:45)
	at org.codehaus.groovy.runtime.callsite.AbstractCallSite.call(AbstractCallSite.java:125)
	at org.codehaus.groovy.runtime.callsite.AbstractCallSite.call(AbstractCallSite.java:130)
	at io.restassured.internal.common.assertion.AssertParameter.notNull(AssertParameter.groovy:21)
	at io.restassured.config.SSLConfig.<init>(SSLConfig.java:201)
	at io.restassured.config.SSLConfig.<init>(SSLConfig.java:193)
	at io.restassured.config.RestAssuredConfig.<init>(RestAssuredConfig.java:41)
	at io.restassured.RestAssured.<clinit>(RestAssured.java:422)
	at com.Spotify.oAuth2.api.RestReusable.postAccount(RestReusable.java:56)
	at com.Spotify.oAuth2.api.TokenManager.renewToken(TokenManager.java:61)
	at com.Spotify.oAuth2.api.applicationApi.Playtrackapi.post(Playtrackapi.java:26)
	at com.Spotify.oAuth2.Test.PlayListTests.Negetive_CreatePlayList(PlayListTests.java:128)
	at sun.reflect.NativeMethodAccessorImpl.invoke0(Native Method)
	at sun.reflect.NativeMethodAccessorImpl.invoke(NativeMethodAccessorImpl.java:62)
	at sun.reflect.DelegatingMethodAccessorImpl.invoke(DelegatingMethodAccessorImpl.java:43)
	at java.lang.reflect.Method.invoke(Method.java:498)
	at org.testng.internal.MethodInvocationHelper.invokeMethod(MethodInvocationHelper.java:133)
	at org.testng.internal.TestInvoker.invokeMethod(TestInvoker.java:598)
	at org.testng.internal.TestInvoker.invokeTestMethod(TestInvoker.java:173)
	at org.testng.internal.MethodRunner.runInSequence(MethodRunner.java:46)
	at org.testng.internal.TestInvoker$MethodInvocationAgent.invoke(TestInvoker.java:824)
	at org.testng.internal.TestInvoker.invokeTestMethods(TestInvoker.java:146)
	at org.testng.internal.TestMethodWorker.invokeTestMethods(TestMethodWorker.java:146)
	at org.testng.internal.TestMethodWorker.run(TestMethodWorker.java:128)
	at java.util.concurrent.ThreadPoolExecutor.runWorker(ThreadPoolExecutor.java:1149)
	at java.util.concurrent.ThreadPoolExecutor$Worker.run(ThreadPoolExecutor.java:624)
	at java.lang.Thread.run(Thread.java:750)

Mar 07, 2023 6:03:57 PM org.aspectj.weaver.tools.Jdk14Trace info
INFO: Dumping to /Users/raviappam/Documents/API_Automation_RestAssured/./ajcore.20230307.180357.817.txt
]]></system-err>
  </testcase>
  <testcase name="Negetive_CreatePlayList" classname="com.Spotify.oAuth2.Test.PlayListTests" time="4.583"/>
  <testcase name="GetPlayList" classname="com.Spotify.oAuth2.Test.PlayListTests" time="4.59"/>
  <testcase name="CreatePlayList" classname="com.Spotify.oAuth2.Test.PlayListTests" time="4.683">
    <system-out><![CDATA[HTTP/1.1 201 Created
content-type: application/json; charset=utf-8
cache-control: private, max-age=0
location: https://api.spotify.com/v1/playlists/0xM90sPqvFpPjlmyIqiPEe
x-robots-tag: noindex, nofollow
access-control-allow-origin: *
access-control-allow-headers: Accept, App-Platform, Authorization, Content-Type, Origin, Retry-After, Spotify-App-Version, X-Cloud-Trace-Context, client-token, content-access-token
access-control-allow-methods: GET, POST, OPTIONS, PUT, DELETE, PATCH
access-control-allow-credentials: true
access-control-max-age: 604800
content-encoding: gzip
strict-transport-security: max-age=31536000
x-content-type-options: nosniff
date: Tue, 07 Mar 2023 12:34:01 GMT
server: envoy
Via: HTTP/2 edgeproxy, 1.1 google
Alt-Svc: h3=":443"; ma=2592000,h3-29=":443"; ma=2592000
Transfer-Encoding: chunked

{
    "collaborative": false,
    "description": "New playlist description",
    "external_urls": {
        "spotify": "https://open.spotify.com/playlist/0xM90sPqvFpPjlmyIqiPEe"
    },
    "followers": {
        "href": null,
        "total": 0
    },
    "href": "https://api.spotify.com/v1/playlists/0xM90sPqvFpPjlmyIqiPEe",
    "id": "0xM90sPqvFpPjlmyIqiPEe",
    "images": [
        
    ],
    "name": "New Playlist",
    "owner": {
        "display_name": "appu",
        "external_urls": {
            "spotify": "https://open.spotify.com/user/31a5hxq5yggwa3vks626yisvow6y"
        },
        "href": "https://api.spotify.com/v1/users/31a5hxq5yggwa3vks626yisvow6y",
        "id": "31a5hxq5yggwa3vks626yisvow6y",
        "type": "user",
        "uri": "spotify:user:31a5hxq5yggwa3vks626yisvow6y"
    },
    "primary_color": null,
    "public": false,
    "snapshot_id": "MSxhNDAwMGViOTE3MmEzOWEzZjE5YTkwZmZjMjU0MGE3OTEyZjdlY2M3",
    "tracks": {
        "href": "https://api.spotify.com/v1/playlists/0xM90sPqvFpPjlmyIqiPEe/tracks",
        "items": [
            
        ],
        "limit": 100,
        "next": null,
        "offset": 0,
        "previous": null,
        "total": 0
    },
    "type": "playlist",
    "uri": "spotify:playlist:0xM90sPqvFpPjlmyIqiPEe"
}
]]></system-out>
  </testcase>
</testsuite>